Build started 2014/6/20 9:40:28.
     1>Project "D:\dev\GitHub\CAL\quantlib\QuantLib\Examples\Gaussian1dModels\Gaussian1dModels_vc11.vcxproj" on node 3 (Build target(s)).
     1>C:\Program Files (x86)\MSBuild\Microsoft.Cpp\v4.0\V110\Microsoft.CppBuild.targets(344,5): warning MSB8003: Could not find WindowsSDKDir variable from the registry.  TargetFrameworkVersion or PlatformToolset may be set to an invalid version number.
     1>ClCompile:
         D:\Program Files (x86)\Microsoft Visual Studio 11.0\VC\bin\CL.exe /c /I..\.. /Zi /nologo /W3 /WX- /O2 /Ob2 /Ot /Oy- /D NDEBUG /D WIN32 /D _CONSOLE /D _SCL_SECURE_NO_DEPRECATE /D _CRT_SECURE_NO_DEPRECATE /D _MBCS /GF /Gm- /EHsc /MD /GS /Gy /fp:precise /Zc:wchar_t /Zc:forScope /GR /Fo".\build\vc110\Win32\Release\\" /Fd".\build\vc110\Win32\Release\vc110.pdb" /FR".\build\vc110\Win32\Release\\" /Gd /TP /analyze- /errorReport:prompt Gaussian1dModels.cpp
         Gaussian1dModels.cpp
     1>D:\dev\GitHub\CAL\quantlib\QuantLib\ql/currencies/europe.hpp : warning C4819: The file contains a character that cannot be represented in the current code page (936). Save the file in Unicode format to prevent data loss
     1>D:\dev\GitHub\CAL\quantlib\QuantLib\ql/pricingengines/blackformula.hpp : warning C4819: The file contains a character that cannot be represented in the current code page (936). Save the file in Unicode format to prevent data loss
     1>D:\dev\GitHub\CAL\quantlib\QuantLib\ql/math/optimization/endcriteria.hpp : warning C4819: The file contains a character that cannot be represented in the current code page (936). Save the file in Unicode format to prevent data loss
     1>D:\local\boost_1_55_0\boost/format/alt_sstream_impl.hpp : warning C4819: The file contains a character that cannot be represented in the current code page (936). Save the file in Unicode format to prevent data loss
     1>D:\dev\GitHub\CAL\quantlib\QuantLib\ql/experimental/exoticoptions/analyticsimplechooserengine.hpp : warning C4819: The file contains a character that cannot be represented in the current code page (936). Save the file in Unicode format to prevent data loss
     1>D:\dev\GitHub\CAL\quantlib\QuantLib\ql/experimental/exoticoptions/simplechooseroption.hpp : warning C4819: The file contains a character that cannot be represented in the current code page (936). Save the file in Unicode format to prevent data loss
     1>D:\dev\GitHub\CAL\quantlib\QuantLib\ql/experimental/exoticoptions/analyticwriterextensibleoptionengine.hpp : warning C4819: The file contains a character that cannot be represented in the current code page (936). Save the file in Unicode format to prevent data loss
     1>D:\dev\GitHub\CAL\quantlib\QuantLib\ql/experimental/exoticoptions/writerextensibleoption.hpp : warning C4819: The file contains a character that cannot be represented in the current code page (936). Save the file in Unicode format to prevent data loss
     1>D:\dev\GitHub\CAL\quantlib\QuantLib\ql/experimental/exoticoptions/continuousarithmeticasianlevyengine.hpp : warning C4819: The file contains a character that cannot be represented in the current code page (936). Save the file in Unicode format to prevent data loss
     1>D:\dev\GitHub\CAL\quantlib\QuantLib\ql/experimental/exoticoptions/kirkspreadoptionengine.hpp : warning C4819: The file contains a character that cannot be represented in the current code page (936). Save the file in Unicode format to prevent data loss
     1>D:\dev\GitHub\CAL\quantlib\QuantLib\ql/experimental/exoticoptions/spreadoption.hpp : warning C4819: The file contains a character that cannot be represented in the current code page (936). Save the file in Unicode format to prevent data loss
     1>D:\dev\GitHub\CAL\quantlib\QuantLib\ql/math/optimization/problem.hpp : warning C4819: The file contains a character that cannot be represented in the current code page (936). Save the file in Unicode format to prevent data loss
     1>D:\dev\GitHub\CAL\quantlib\QuantLib\ql/math/optimization/method.hpp : warning C4819: The file contains a character that cannot be represented in the current code page (936). Save the file in Unicode format to prevent data loss
     1>D:\dev\GitHub\CAL\quantlib\QuantLib\ql/math/optimization/costfunction.hpp : warning C4819: The file contains a character that cannot be represented in the current code page (936). Save the file in Unicode format to prevent data loss
     1>D:\dev\GitHub\CAL\quantlib\QuantLib\ql/experimental/swaptions/haganirregularswaptionengine.hpp : warning C4819: The file contains a character that cannot be represented in the current code page (936). Save the file in Unicode format to prevent data loss
     1>D:\dev\GitHub\CAL\quantlib\QuantLib\ql/time/calendars/argentina.hpp : warning C4819: The file contains a character that cannot be represented in the current code page (936). Save the file in Unicode format to prevent data loss
     1>D:\dev\GitHub\CAL\quantlib\QuantLib\ql/math/optimization/armijo.hpp : warning C4819: The file contains a character that cannot be represented in the current code page (936). Save the file in Unicode format to prevent data loss
     1>D:\dev\GitHub\CAL\quantlib\QuantLib\ql/math/optimization/linesearch.hpp : warning C4819: The file contains a character that cannot be represented in the current code page (936). Save the file in Unicode format to prevent data loss
     1>D:\dev\GitHub\CAL\quantlib\QuantLib\ql/math/optimization/conjugategradient.hpp : warning C4819: The file contains a character that cannot be represented in the current code page (936). Save the file in Unicode format to prevent data loss
     1>D:\dev\GitHub\CAL\quantlib\QuantLib\ql/math/optimization/leastsquare.hpp : warning C4819: The file contains a character that cannot be represented in the current code page (936). Save the file in Unicode format to prevent data loss
     1>D:\dev\GitHub\CAL\quantlib\QuantLib\ql/math/optimization/steepestdescent.hpp : warning C4819: The file contains a character that cannot be represented in the current code page (936). Save the file in Unicode format to prevent data loss
     1>D:\dev\GitHub\CAL\quantlib\QuantLib\ql/math/randomnumbers/primitivepolynomials.h : warning C4819: The file contains a character that cannot be represented in the current code page (936). Save the file in Unicode format to prevent data loss
       Link:
         D:\Program Files (x86)\Microsoft Visual Studio 11.0\VC\bin\link.exe /ERRORREPORT:PROMPT /OUT:".\bin\Gaussian1dModels-vc110-mt.exe" /INCREMENTAL:NO /NOLOGO /LIBPATH:..\..\lib kernel32.lib user32.lib gdi32.lib winspool.lib comdlg32.lib advapi32.lib shell32.lib ole32.lib oleaut32.lib uuid.lib odbc32.lib odbccp32.lib /MANIFEST /ManifestFile:".\build\vc110\Win32\Release\Gaussian1dModels-vc110-mt.exe.intermediate.manifest" /MANIFESTUAC:"level='asInvoker' uiAccess='false'" /PDB:".\build\vc110\Win32\Release\Gaussian1dModels.pdb" /SUBSYSTEM:CONSOLE /TLBID:1 /DYNAMICBASE:NO /IMPLIB:".\bin\Gaussian1dModels-vc110-mt.lib" /MACHINE:X86 /SAFESEH .\build\vc110\Win32\Release\Gaussian1dModels.obj
         "D:\dev\GitHub\CAL\quantlib\QuantLib\lib\QuantLib-vc110-mt.lib"
         Gaussian1dModels_vc11.vcxproj -> D:\dev\GitHub\CAL\quantlib\QuantLib\Examples\Gaussian1dModels\.\bin\Gaussian1dModels-vc110-mt.exe
       Manifest:
         mt.exe /nologo /verbose /out:"D:\dev\GitHub\CAL\quantlib\QuantLib\Examples\Gaussian1dModels\.\bin\Gaussian1dModels-vc110-mt.exe.manifest" /manifest ".\build\vc110\Win32\Release\Gaussian1dModels-vc110-mt.exe.intermediate.manifest"
     1>TRACKER : error TRK0005: Failed to locate: "mt.exe".
     1>Done Building Project "D:\dev\GitHub\CAL\quantlib\QuantLib\Examples\Gaussian1dModels\Gaussian1dModels_vc11.vcxproj" (Build target(s)) -- FAILED.

Build FAILED.

Time Elapsed 00:01:33.25
